2022-12-25 18:30:56,471 [Worker-1: Loading available Gradle versions] INFO  o.e.b.c.i.u.g.PublishedGradleVersions - Gradle version information cache is up-to-date. Trying to read.
2022-12-26 13:47:26,311 [Worker-5: Loading available Gradle versions] INFO  o.e.b.c.i.u.g.PublishedGradleVersions - Gradle version information cache is up-to-date. Trying to read.
2022-12-29 10:41:46,548 [Worker-4: Loading available Gradle versions] INFO  o.e.b.c.i.u.g.PublishedGradleVersions - Gradle version information cache is out-of-date. Trying to update.
2023-01-12 23:08:15,316 [Worker-2: Loading available Gradle versions] INFO  o.e.b.c.i.u.g.PublishedGradleVersions - Gradle version information cache is up-to-date. Trying to read.
2023-01-14 12:59:45,767 [Worker-2: Loading available Gradle versions] INFO  o.e.b.c.i.u.g.PublishedGradleVersions - Gradle version information cache is out-of-date. Trying to update.
2023-01-14 23:06:56,791 [Worker-5: Loading available Gradle versions] INFO  o.e.b.c.i.u.g.PublishedGradleVersions - Gradle version information cache is up-to-date. Trying to read.
2023-01-15 15:51:59,678 [Worker-1: Loading available Gradle versions] INFO  o.e.b.c.i.u.g.PublishedGradleVersions - Gradle version information cache is out-of-date. Trying to update.
2023-01-16 09:46:07,879 [Worker-4: Loading available Gradle versions] INFO  o.e.b.c.i.u.g.PublishedGradleVersions - Gradle version information cache is up-to-date. Trying to read.
2023-01-17 11:36:59,331 [Worker-5: Loading available Gradle versions] INFO  o.e.b.c.i.u.g.PublishedGradleVersions - Gradle version information cache is out-of-date. Trying to update.
2023-01-26 10:43:34,365 [Worker-4: Loading available Gradle versions] INFO  o.e.b.c.i.u.g.PublishedGradleVersions - Gradle version information cache is up-to-date. Trying to read.
2023-02-03 22:13:21,396 [Worker-4: Loading available Gradle versions] INFO  o.e.b.c.i.u.g.PublishedGradleVersions - Gradle version information cache is out-of-date. Trying to update.
2023-02-04 13:14:16,796 [Worker-5: Loading available Gradle versions] INFO  o.e.b.c.i.u.g.PublishedGradleVersions - Gradle version information cache is up-to-date. Trying to read.
2023-02-05 08:49:48,275 [Worker-5: Loading available Gradle versions] INFO  o.e.b.c.i.u.g.PublishedGradleVersions - Gradle version information cache is up-to-date. Trying to read.
2023-02-15 23:15:46,869 [Worker-1: Loading available Gradle versions] INFO  o.e.b.c.i.u.g.PublishedGradleVersions - Gradle version information cache is out-of-date. Trying to update.
2023-02-18 01:14:36,487 [Worker-2: Loading available Gradle versions] INFO  o.e.b.c.i.u.g.PublishedGradleVersions - Gradle version information cache is out-of-date. Trying to update.
2023-02-18 23:26:24,057 [Worker-2: Loading available Gradle versions] INFO  o.e.b.c.i.u.g.PublishedGradleVersions - Gradle version information cache is up-to-date. Trying to read.
2023-02-19 12:31:20,991 [Worker-2: Loading available Gradle versions] INFO  o.e.b.c.i.u.g.PublishedGradleVersions - Gradle version information cache is out-of-date. Trying to update.
2023-02-22 23:16:17,684 [Worker-5: Loading available Gradle versions] INFO  o.e.b.c.i.u.g.PublishedGradleVersions - Gradle version information cache is up-to-date. Trying to read.
2023-03-05 08:20:42,902 [Worker-3: Loading available Gradle versions] INFO  o.e.b.c.i.u.g.PublishedGradleVersions - Gradle version information cache is out-of-date. Trying to update.
2023-03-05 08:26:26,101 [Worker-5: Creating project "jpqldemo"] INFO  o.e.m.c.i.l.LifecycleMappingFactory - Using org.eclipse.m2e.jdt.JarLifecycleMapping lifecycle mapping for MavenProject: com.maven:jpqldemo:0.0.1-SNAPSHOT @ C:\Users\shara\OneDrive\Desktop\JavaPractice\com\jpqldemo\pom.xml.
2023-03-05 08:26:27,599 [Worker-5: Creating project "jpqldemo"] INFO  o.e.m.j.i.AbstractJavaProjectConfigurator - Adding source folder /jpqldemo/src/main/java
2023-03-05 08:26:27,602 [Worker-5: Creating project "jpqldemo"] INFO  o.e.m.j.i.AbstractJavaProjectConfigurator - Adding resource folder /jpqldemo/src/main/resources
2023-03-05 08:26:27,603 [Worker-5: Creating project "jpqldemo"] INFO  o.e.m.j.i.AbstractJavaProjectConfigurator - Adding source folder /jpqldemo/src/test/java
2023-03-05 08:26:27,603 [Worker-5: Creating project "jpqldemo"] INFO  o.e.m.j.i.AbstractJavaProjectConfigurator - Adding resource folder /jpqldemo/src/test/resources
2023-03-05 08:26:28,081 [Worker-6: Building] WARN  o.e.m.c.i.embedder.EclipseLogger - Using platform encoding (Cp1252 actually) to copy filtered resources, i.e. build is platform dependent!
2023-03-05 08:26:28,087 [Worker-6: Building] INFO  o.e.m.c.i.embedder.EclipseLogger - Copying 0 resource
2023-03-05 08:26:28,091 [Worker-6: Building] WARN  o.e.m.c.i.embedder.EclipseLogger - Using platform encoding (Cp1252 actually) to copy filtered resources, i.e. build is platform dependent!
2023-03-05 08:26:28,094 [Worker-6: Building] INFO  o.e.m.c.i.embedder.EclipseLogger - Copying 0 resource
2023-03-05 08:34:01,008 [Worker-14: Launching Executing install in C__Users_shara_OneDrive_Desktop_JavaPractice_com_jpqldemo] INFO  o.eclipse.m2e.core.internal.Bundles - getClasspathEntries(Bundle=org.eclipse.m2e.maven.runtime_3.8.604.20221130-2149 [345])
2023-03-05 08:34:01,027 [Worker-14: Launching Executing install in C__Users_shara_OneDrive_Desktop_JavaPractice_com_jpqldemo] INFO  o.eclipse.m2e.core.internal.Bundles - 	Entry: C:\Program Files\sts\plugins\org.eclipse.m2e.maven.runtime_3.8.604.20221130-2149
2023-03-05 08:34:01,028 [Worker-14: Launching Executing install in C__Users_shara_OneDrive_Desktop_JavaPractice_com_jpqldemo] INFO  o.eclipse.m2e.core.internal.Bundles - 	Entry: C:\Program Files\sts\plugins\org.eclipse.m2e.maven.runtime_3.8.604.20221130-2149\jars\aether-connector-okhttp-0.17.8.jar
2023-03-05 08:34:01,028 [Worker-14: Launching Executing install in C__Users_shara_OneDrive_Desktop_JavaPractice_com_jpqldemo] INFO  o.eclipse.m2e.core.internal.Bundles - 	Entry: C:\Program Files\sts\plugins\org.eclipse.m2e.maven.runtime_3.8.604.20221130-2149\jars\commons-cli-1.4.jar
2023-03-05 08:34:01,030 [Worker-14: Launching Executing install in C__Users_shara_OneDrive_Desktop_JavaPractice_com_jpqldemo] INFO  o.eclipse.m2e.core.internal.Bundles - 	Entry: C:\Program Files\sts\plugins\org.eclipse.m2e.maven.runtime_3.8.604.20221130-2149\jars\commons-io-2.6.jar
2023-03-05 08:34:01,030 [Worker-14: Launching Executing install in C__Users_shara_OneDrive_Desktop_JavaPractice_com_jpqldemo] INFO  o.eclipse.m2e.core.internal.Bundles - 	Entry: C:\Program Files\sts\plugins\org.eclipse.m2e.maven.runtime_3.8.604.20221130-2149\jars\commons-lang3-3.8.1.jar
2023-03-05 08:34:01,031 [Worker-14: Launching Executing install in C__Users_shara_OneDrive_Desktop_JavaPractice_com_jpqldemo] INFO  o.eclipse.m2e.core.internal.Bundles - 	Entry: C:\Program Files\sts\plugins\org.eclipse.m2e.maven.runtime_3.8.604.20221130-2149\jars\guice-4.2.2-no_aop.jar
2023-03-05 08:34:01,031 [Worker-14: Launching Executing install in C__Users_shara_OneDrive_Desktop_JavaPractice_com_jpqldemo] INFO  o.eclipse.m2e.core.internal.Bundles - 	Entry: C:\Program Files\sts\plugins\org.eclipse.m2e.maven.runtime_3.8.604.20221130-2149\jars\jansi-2.4.0.jar
2023-03-05 08:34:01,031 [Worker-14: Launching Executing install in C__Users_shara_OneDrive_Desktop_JavaPractice_com_jpqldemo] INFO  o.eclipse.m2e.core.internal.Bundles - 	Entry: C:\Program Files\sts\plugins\org.eclipse.m2e.maven.runtime_3.8.604.20221130-2149\jars\maven-artifact-3.8.6.jar
2023-03-05 08:34:01,031 [Worker-14: Launching Executing install in C__Users_shara_OneDrive_Desktop_JavaPractice_com_jpqldemo] INFO  o.eclipse.m2e.core.internal.Bundles - 	Entry: C:\Program Files\sts\plugins\org.eclipse.m2e.maven.runtime_3.8.604.20221130-2149\jars\maven-builder-support-3.8.6.jar
2023-03-05 08:34:01,031 [Worker-14: Launching Executing install in C__Users_shara_OneDrive_Desktop_JavaPractice_com_jpqldemo] INFO  o.eclipse.m2e.core.internal.Bundles - 	Entry: C:\Program Files\sts\plugins\org.eclipse.m2e.maven.runtime_3.8.604.20221130-2149\jars\maven-compat-3.8.6.jar
2023-03-05 08:34:01,031 [Worker-14: Launching Executing install in C__Users_shara_OneDrive_Desktop_JavaPractice_com_jpqldemo] INFO  o.eclipse.m2e.core.internal.Bundles - 	Entry: C:\Program Files\sts\plugins\org.eclipse.m2e.maven.runtime_3.8.604.20221130-2149\jars\maven-core-3.8.6.jar
2023-03-05 08:34:01,032 [Worker-14: Launching Executing install in C__Users_shara_OneDrive_Desktop_JavaPractice_com_jpqldemo] INFO  o.eclipse.m2e.core.internal.Bundles - 	Entry: C:\Program Files\sts\plugins\org.eclipse.m2e.maven.runtime_3.8.604.20221130-2149\jars\maven-embedder-3.8.6.jar
2023-03-05 08:34:01,032 [Worker-14: Launching Executing install in C__Users_shara_OneDrive_Desktop_JavaPractice_com_jpqldemo] INFO  o.eclipse.m2e.core.internal.Bundles - 	Entry: C:\Program Files\sts\plugins\org.eclipse.m2e.maven.runtime_3.8.604.20221130-2149\jars\maven-model-3.8.6.jar
2023-03-05 08:34:01,033 [Worker-14: Launching Executing install in C__Users_shara_OneDrive_Desktop_JavaPractice_com_jpqldemo] INFO  o.eclipse.m2e.core.internal.Bundles - 	Entry: C:\Program Files\sts\plugins\org.eclipse.m2e.maven.runtime_3.8.604.20221130-2149\jars\maven-model-builder-3.8.6.jar
2023-03-05 08:34:01,033 [Worker-14: Launching Executing install in C__Users_shara_OneDrive_Desktop_JavaPractice_com_jpqldemo] INFO  o.eclipse.m2e.core.internal.Bundles - 	Entry: C:\Program Files\sts\plugins\org.eclipse.m2e.maven.runtime_3.8.604.20221130-2149\jars\maven-plugin-api-3.8.6.jar
2023-03-05 08:34:01,034 [Worker-14: Launching Executing install in C__Users_shara_OneDrive_Desktop_JavaPractice_com_jpqldemo] INFO  o.eclipse.m2e.core.internal.Bundles - 	Entry: C:\Program Files\sts\plugins\org.eclipse.m2e.maven.runtime_3.8.604.20221130-2149\jars\maven-repository-metadata-3.8.6.jar
2023-03-05 08:34:01,035 [Worker-14: Launching Executing install in C__Users_shara_OneDrive_Desktop_JavaPractice_com_jpqldemo] INFO  o.eclipse.m2e.core.internal.Bundles - 	Entry: C:\Program Files\sts\plugins\org.eclipse.m2e.maven.runtime_3.8.604.20221130-2149\jars\maven-resolver-api-1.6.3.jar
2023-03-05 08:34:01,036 [Worker-14: Launching Executing install in C__Users_shara_OneDrive_Desktop_JavaPractice_com_jpqldemo] INFO  o.eclipse.m2e.core.internal.Bundles - 	Entry: C:\Program Files\sts\plugins\org.eclipse.m2e.maven.runtime_3.8.604.20221130-2149\jars\maven-resolver-connector-basic-1.6.3.jar
2023-03-05 08:34:01,037 [Worker-14: Launching Executing install in C__Users_shara_OneDrive_Desktop_JavaPractice_com_jpqldemo] INFO  o.eclipse.m2e.core.internal.Bundles - 	Entry: C:\Program Files\sts\plugins\org.eclipse.m2e.maven.runtime_3.8.604.20221130-2149\jars\maven-resolver-impl-1.6.3.jar
2023-03-05 08:34:01,037 [Worker-14: Launching Executing install in C__Users_shara_OneDrive_Desktop_JavaPractice_com_jpqldemo] INFO  o.eclipse.m2e.core.internal.Bundles - 	Entry: C:\Program Files\sts\plugins\org.eclipse.m2e.maven.runtime_3.8.604.20221130-2149\jars\maven-resolver-provider-3.8.6.jar
2023-03-05 08:34:01,037 [Worker-14: Launching Executing install in C__Users_shara_OneDrive_Desktop_JavaPractice_com_jpqldemo] INFO  o.eclipse.m2e.core.internal.Bundles - 	Entry: C:\Program Files\sts\plugins\org.eclipse.m2e.maven.runtime_3.8.604.20221130-2149\jars\maven-resolver-spi-1.6.3.jar
2023-03-05 08:34:01,037 [Worker-14: Launching Executing install in C__Users_shara_OneDrive_Desktop_JavaPractice_com_jpqldemo] INFO  o.eclipse.m2e.core.internal.Bundles - 	Entry: C:\Program Files\sts\plugins\org.eclipse.m2e.maven.runtime_3.8.604.20221130-2149\jars\maven-resolver-transport-wagon-1.6.3.jar
2023-03-05 08:34:01,038 [Worker-14: Launching Executing install in C__Users_shara_OneDrive_Desktop_JavaPractice_com_jpqldemo] INFO  o.eclipse.m2e.core.internal.Bundles - 	Entry: C:\Program Files\sts\plugins\org.eclipse.m2e.maven.runtime_3.8.604.20221130-2149\jars\maven-resolver-util-1.6.3.jar
2023-03-05 08:34:01,038 [Worker-14: Launching Executing install in C__Users_shara_OneDrive_Desktop_JavaPractice_com_jpqldemo] INFO  o.eclipse.m2e.core.internal.Bundles - 	Entry: C:\Program Files\sts\plugins\org.eclipse.m2e.maven.runtime_3.8.604.20221130-2149\jars\maven-settings-3.8.6.jar
2023-03-05 08:34:01,038 [Worker-14: Launching Executing install in C__Users_shara_OneDrive_Desktop_JavaPractice_com_jpqldemo] INFO  o.eclipse.m2e.core.internal.Bundles - 	Entry: C:\Program Files\sts\plugins\org.eclipse.m2e.maven.runtime_3.8.604.20221130-2149\jars\maven-settings-builder-3.8.6.jar
2023-03-05 08:34:01,038 [Worker-14: Launching Executing install in C__Users_shara_OneDrive_Desktop_JavaPractice_com_jpqldemo] INFO  o.eclipse.m2e.core.internal.Bundles - 	Entry: C:\Program Files\sts\plugins\org.eclipse.m2e.maven.runtime_3.8.604.20221130-2149\jars\maven-shared-utils-3.3.4.jar
2023-03-05 08:34:01,039 [Worker-14: Launching Executing install in C__Users_shara_OneDrive_Desktop_JavaPractice_com_jpqldemo] INFO  o.eclipse.m2e.core.internal.Bundles - 	Entry: C:\Program Files\sts\plugins\org.eclipse.m2e.maven.runtime_3.8.604.20221130-2149\jars\okhttp-3.14.1.jar
2023-03-05 08:34:01,040 [Worker-14: Launching Executing install in C__Users_shara_OneDrive_Desktop_JavaPractice_com_jpqldemo] INFO  o.eclipse.m2e.core.internal.Bundles - 	Entry: C:\Program Files\sts\plugins\org.eclipse.m2e.maven.runtime_3.8.604.20221130-2149\jars\okio-1.17.3.jar
2023-03-05 08:34:01,040 [Worker-14: Launching Executing install in C__Users_shara_OneDrive_Desktop_JavaPractice_com_jpqldemo] INFO  o.eclipse.m2e.core.internal.Bundles - 	Entry: C:\Program Files\sts\plugins\org.eclipse.m2e.maven.runtime_3.8.604.20221130-2149\jars\org.eclipse.sisu.inject-0.3.5.jar
2023-03-05 08:34:01,040 [Worker-14: Launching Executing install in C__Users_shara_OneDrive_Desktop_JavaPractice_com_jpqldemo] INFO  o.eclipse.m2e.core.internal.Bundles - 	Entry: C:\Program Files\sts\plugins\org.eclipse.m2e.maven.runtime_3.8.604.20221130-2149\jars\org.eclipse.sisu.plexus-0.3.5.jar
2023-03-05 08:34:01,041 [Worker-14: Launching Executing install in C__Users_shara_OneDrive_Desktop_JavaPractice_com_jpqldemo] INFO  o.eclipse.m2e.core.internal.Bundles - 	Entry: C:\Program Files\sts\plugins\org.eclipse.m2e.maven.runtime_3.8.604.20221130-2149\jars\plexus-build-api-0.0.7.jar
2023-03-05 08:34:01,041 [Worker-14: Launching Executing install in C__Users_shara_OneDrive_Desktop_JavaPractice_com_jpqldemo] INFO  o.eclipse.m2e.core.internal.Bundles - 	Entry: C:\Program Files\sts\plugins\org.eclipse.m2e.maven.runtime_3.8.604.20221130-2149\jars\plexus-cipher-2.0.jar
2023-03-05 08:34:01,041 [Worker-14: Launching Executing install in C__Users_shara_OneDrive_Desktop_JavaPractice_com_jpqldemo] INFO  o.eclipse.m2e.core.internal.Bundles - 	Entry: C:\Program Files\sts\plugins\org.eclipse.m2e.maven.runtime_3.8.604.20221130-2149\jars\plexus-classworlds-2.6.0.jar
2023-03-05 08:34:01,041 [Worker-14: Launching Executing install in C__Users_shara_OneDrive_Desktop_JavaPractice_com_jpqldemo] INFO  o.eclipse.m2e.core.internal.Bundles - 	Entry: C:\Program Files\sts\plugins\org.eclipse.m2e.maven.runtime_3.8.604.20221130-2149\jars\plexus-component-annotations-2.1.0.jar
2023-03-05 08:34:01,041 [Worker-14: Launching Executing install in C__Users_shara_OneDrive_Desktop_JavaPractice_com_jpqldemo] INFO  o.eclipse.m2e.core.internal.Bundles - 	Entry: C:\Program Files\sts\plugins\org.eclipse.m2e.maven.runtime_3.8.604.20221130-2149\jars\plexus-interpolation-1.26.jar
2023-03-05 08:34:01,041 [Worker-14: Launching Executing install in C__Users_shara_OneDrive_Desktop_JavaPractice_com_jpqldemo] INFO  o.eclipse.m2e.core.internal.Bundles - 	Entry: C:\Program Files\sts\plugins\org.eclipse.m2e.maven.runtime_3.8.604.20221130-2149\jars\plexus-sec-dispatcher-2.0.jar
2023-03-05 08:34:01,042 [Worker-14: Launching Executing install in C__Users_shara_OneDrive_Desktop_JavaPractice_com_jpqldemo] INFO  o.eclipse.m2e.core.internal.Bundles - 	Entry: C:\Program Files\sts\plugins\org.eclipse.m2e.maven.runtime_3.8.604.20221130-2149\jars\plexus-utils-3.3.1.jar
2023-03-05 08:34:01,042 [Worker-14: Launching Executing install in C__Users_shara_OneDrive_Desktop_JavaPractice_com_jpqldemo] INFO  o.eclipse.m2e.core.internal.Bundles - 	Entry: C:\Program Files\sts\plugins\org.eclipse.m2e.maven.runtime_3.8.604.20221130-2149\jars\wagon-file-3.5.1.jar
2023-03-05 08:34:01,042 [Worker-14: Launching Executing install in C__Users_shara_OneDrive_Desktop_JavaPractice_com_jpqldemo] INFO  o.eclipse.m2e.core.internal.Bundles - 	Entry: C:\Program Files\sts\plugins\org.eclipse.m2e.maven.runtime_3.8.604.20221130-2149\jars\wagon-provider-api-3.5.1.jar
2023-03-05 08:34:01,046 [Worker-14: Launching Executing install in C__Users_shara_OneDrive_Desktop_JavaPractice_com_jpqldemo] INFO  o.eclipse.m2e.core.internal.Bundles - getClasspathEntries(Bundle=com.google.guava_30.1.0.v20221112-0806 [22])
2023-03-05 08:34:01,048 [Worker-14: Launching Executing install in C__Users_shara_OneDrive_Desktop_JavaPractice_com_jpqldemo] INFO  o.eclipse.m2e.core.internal.Bundles - 	Entry: C:\Program Files\sts\plugins\com.google.guava_30.1.0.v20221112-0806.jar
2023-03-05 08:34:01,049 [Worker-14: Launching Executing install in C__Users_shara_OneDrive_Desktop_JavaPractice_com_jpqldemo] INFO  o.eclipse.m2e.core.internal.Bundles - getClasspathEntries(Bundle=slf4j.api_1.7.36 [584])
2023-03-05 08:34:01,051 [Worker-14: Launching Executing install in C__Users_shara_OneDrive_Desktop_JavaPractice_com_jpqldemo] INFO  o.eclipse.m2e.core.internal.Bundles - 	Entry: C:\Program Files\sts\plugins\slf4j.api_1.7.36.jar
2023-03-05 08:34:01,052 [Worker-14: Launching Executing install in C__Users_shara_OneDrive_Desktop_JavaPractice_com_jpqldemo] INFO  o.eclipse.m2e.core.internal.Bundles - getClasspathEntries(Bundle=javax.inject_1.0.0.v20220405-0441 [49])
2023-03-05 08:34:01,055 [Worker-14: Launching Executing install in C__Users_shara_OneDrive_Desktop_JavaPractice_com_jpqldemo] INFO  o.eclipse.m2e.core.internal.Bundles - 	Entry: C:\Program Files\sts\plugins\javax.inject_1.0.0.v20220405-0441.jar
2023-03-05 08:34:01,055 [Worker-14: Launching Executing install in C__Users_shara_OneDrive_Desktop_JavaPractice_com_jpqldemo] INFO  o.eclipse.m2e.core.internal.Bundles - getClasspathEntries(Bundle=javax.annotation_1.3.5.v20221112-0806 [47])
2023-03-05 08:34:01,058 [Worker-14: Launching Executing install in C__Users_shara_OneDrive_Desktop_JavaPractice_com_jpqldemo] INFO  o.eclipse.m2e.core.internal.Bundles - 	Entry: C:\Program Files\sts\plugins\javax.annotation_1.3.5.v20221112-0806.jar
2023-03-05 08:34:01,065 [Worker-14: Launching Executing install in C__Users_shara_OneDrive_Desktop_JavaPractice_com_jpqldemo] INFO  o.e.m.i.launch.MavenLaunchDelegate - Run build in "C:\Users\shara\OneDrive\Desktop\JavaPractice\com\jpqldemo":
2023-03-05 08:34:01,068 [Worker-14: Launching Executing install in C__Users_shara_OneDrive_Desktop_JavaPractice_com_jpqldemo] INFO  o.e.m.i.launch.MavenLaunchDelegate -  mvn  -B -Dstyle.color=always install
2023-03-05 08:34:01,069 [Worker-14: Launching Executing install in C__Users_shara_OneDrive_Desktop_JavaPractice_com_jpqldemo] WARN  o.e.m.i.l.MavenLaunchExtensionsSupport - Unknown or unsupported source locator org.eclipse.jdt.internal.launching.sourcelookup.advanced.AdvancedSourceLookupDirector
2023-03-05 08:34:06,606 [Worker-14: Building] WARN  o.e.m.c.i.embedder.EclipseLogger - Using platform encoding (Cp1252 actually) to copy filtered resources, i.e. build is platform dependent!
2023-03-05 08:34:06,609 [Worker-14: Building] INFO  o.e.m.c.i.embedder.EclipseLogger - Copying 0 resource
2023-03-05 08:34:06,611 [Worker-14: Building] WARN  o.e.m.c.i.embedder.EclipseLogger - Using platform encoding (Cp1252 actually) to copy filtered resources, i.e. build is platform dependent!
2023-03-05 08:34:06,613 [Worker-14: Building] INFO  o.e.m.c.i.embedder.EclipseLogger - Copying 0 resource
2023-03-05 08:35:17,474 [Worker-16: Building] WARN  o.e.m.c.i.embedder.EclipseLogger - Using platform encoding (Cp1252 actually) to copy filtered resources, i.e. build is platform dependent!
2023-03-05 08:35:17,480 [Worker-16: Building] INFO  o.e.m.c.i.embedder.EclipseLogger - Copying 0 resource
2023-03-05 08:35:17,484 [Worker-16: Building] WARN  o.e.m.c.i.embedder.EclipseLogger - Using platform encoding (Cp1252 actually) to copy filtered resources, i.e. build is platform dependent!
2023-03-05 08:35:17,488 [Worker-16: Building] INFO  o.e.m.c.i.embedder.EclipseLogger - Copying 0 resource
2023-03-05 08:35:33,097 [Worker-19: Building] WARN  o.e.m.c.i.embedder.EclipseLogger - Using platform encoding (Cp1252 actually) to copy filtered resources, i.e. build is platform dependent!
2023-03-05 08:35:33,101 [Worker-19: Building] INFO  o.e.m.c.i.embedder.EclipseLogger - Copying 1 resource
2023-03-05 08:35:33,117 [Worker-19: Building] WARN  o.e.m.c.i.embedder.EclipseLogger - Using platform encoding (Cp1252 actually) to copy filtered resources, i.e. build is platform dependent!
2023-03-05 08:35:33,120 [Worker-19: Building] INFO  o.e.m.c.i.embedder.EclipseLogger - Copying 0 resource
2023-03-05 08:36:16,606 [Worker-19: Building] WARN  o.e.m.c.i.embedder.EclipseLogger - Using platform encoding (Cp1252 actually) to copy filtered resources, i.e. build is platform dependent!
2023-03-05 08:36:16,609 [Worker-19: Building] INFO  o.e.m.c.i.embedder.EclipseLogger - Copying 1 resource
2023-03-05 08:36:16,618 [Worker-19: Building] WARN  o.e.m.c.i.embedder.EclipseLogger - Using platform encoding (Cp1252 actually) to copy filtered resources, i.e. build is platform dependent!
2023-03-05 08:36:16,620 [Worker-19: Building] INFO  o.e.m.c.i.embedder.EclipseLogger - Copying 0 resource
2023-03-05 08:38:03,927 [Worker-18: Building] WARN  o.e.m.c.i.embedder.EclipseLogger - Using platform encoding (Cp1252 actually) to copy filtered resources, i.e. build is platform dependent!
2023-03-05 08:38:03,942 [Worker-18: Building] INFO  o.e.m.c.i.embedder.EclipseLogger - Copying 1 resource
2023-03-05 08:38:03,946 [Worker-18: Building] WARN  o.e.m.c.i.embedder.EclipseLogger - Using platform encoding (Cp1252 actually) to copy filtered resources, i.e. build is platform dependent!
2023-03-05 08:38:03,949 [Worker-18: Building] INFO  o.e.m.c.i.embedder.EclipseLogger - Copying 0 resource
2023-03-05 08:38:24,309 [Worker-20: Building] WARN  o.e.m.c.i.embedder.EclipseLogger - Using platform encoding (Cp1252 actually) to copy filtered resources, i.e. build is platform dependent!
2023-03-05 08:38:24,313 [Worker-20: Building] INFO  o.e.m.c.i.embedder.EclipseLogger - Copying 1 resource
2023-03-05 08:38:24,318 [Worker-20: Building] WARN  o.e.m.c.i.embedder.EclipseLogger - Using platform encoding (Cp1252 actually) to copy filtered resources, i.e. build is platform dependent!
2023-03-05 08:38:24,321 [Worker-20: Building] INFO  o.e.m.c.i.embedder.EclipseLogger - Copying 0 resource
2023-03-05 08:38:47,131 [Worker-16: Building] WARN  o.e.m.c.i.embedder.EclipseLogger - Using platform encoding (Cp1252 actually) to copy filtered resources, i.e. build is platform dependent!
2023-03-05 08:38:47,136 [Worker-16: Building] INFO  o.e.m.c.i.embedder.EclipseLogger - Copying 1 resource
2023-03-05 08:38:47,146 [Worker-16: Building] WARN  o.e.m.c.i.embedder.EclipseLogger - Using platform encoding (Cp1252 actually) to copy filtered resources, i.e. build is platform dependent!
2023-03-05 08:38:47,149 [Worker-16: Building] INFO  o.e.m.c.i.embedder.EclipseLogger - Copying 0 resource
2023-03-05 08:41:33,512 [Worker-20: Building] WARN  o.e.m.c.i.embedder.EclipseLogger - Using platform encoding (Cp1252 actually) to copy filtered resources, i.e. build is platform dependent!
2023-03-05 08:41:33,516 [Worker-20: Building] INFO  o.e.m.c.i.embedder.EclipseLogger - Copying 1 resource
2023-03-05 08:41:33,519 [Worker-20: Building] WARN  o.e.m.c.i.embedder.EclipseLogger - Using platform encoding (Cp1252 actually) to copy filtered resources, i.e. build is platform dependent!
2023-03-05 08:41:33,522 [Worker-20: Building] INFO  o.e.m.c.i.embedder.EclipseLogger - Copying 0 resource
2023-03-05 08:41:43,419 [Worker-22: Building] WARN  o.e.m.c.i.embedder.EclipseLogger - Using platform encoding (Cp1252 actually) to copy filtered resources, i.e. build is platform dependent!
2023-03-05 08:41:43,424 [Worker-22: Building] INFO  o.e.m.c.i.embedder.EclipseLogger - Copying 1 resource
2023-03-05 08:41:43,430 [Worker-22: Building] WARN  o.e.m.c.i.embedder.EclipseLogger - Using platform encoding (Cp1252 actually) to copy filtered resources, i.e. build is platform dependent!
2023-03-05 08:41:43,435 [Worker-22: Building] INFO  o.e.m.c.i.embedder.EclipseLogger - Copying 0 resource
2023-03-05 08:44:07,757 [Worker-24: Building] WARN  o.e.m.c.i.embedder.EclipseLogger - Using platform encoding (Cp1252 actually) to copy filtered resources, i.e. build is platform dependent!
2023-03-05 08:44:07,760 [Worker-24: Building] INFO  o.e.m.c.i.embedder.EclipseLogger - Copying 1 resource
2023-03-05 08:44:07,770 [Worker-24: Building] WARN  o.e.m.c.i.embedder.EclipseLogger - Using platform encoding (Cp1252 actually) to copy filtered resources, i.e. build is platform dependent!
2023-03-05 08:44:07,773 [Worker-24: Building] INFO  o.e.m.c.i.embedder.EclipseLogger - Copying 0 resource
2023-03-05 08:44:26,481 [Worker-25: Building] WARN  o.e.m.c.i.embedder.EclipseLogger - Using platform encoding (Cp1252 actually) to copy filtered resources, i.e. build is platform dependent!
2023-03-05 08:44:26,485 [Worker-25: Building] INFO  o.e.m.c.i.embedder.EclipseLogger - Copying 0 resource
2023-03-05 08:44:26,492 [Worker-25: Building] WARN  o.e.m.c.i.embedder.EclipseLogger - Using platform encoding (Cp1252 actually) to copy filtered resources, i.e. build is platform dependent!
2023-03-05 08:44:26,495 [Worker-25: Building] INFO  o.e.m.c.i.embedder.EclipseLogger - Copying 0 resource
2023-03-05 08:45:46,973 [Worker-18: Building] WARN  o.e.m.c.i.embedder.EclipseLogger - Using platform encoding (Cp1252 actually) to copy filtered resources, i.e. build is platform dependent!
2023-03-05 08:45:46,978 [Worker-18: Building] INFO  o.e.m.c.i.embedder.EclipseLogger - Copying 1 resource
2023-03-05 08:45:46,982 [Worker-18: Building] WARN  o.e.m.c.i.embedder.EclipseLogger - Using platform encoding (Cp1252 actually) to copy filtered resources, i.e. build is platform dependent!
2023-03-05 08:45:46,985 [Worker-18: Building] INFO  o.e.m.c.i.embedder.EclipseLogger - Copying 0 resource
